<?xml version="1.0" encoding="UTF-8"?>
<!-- Generated by org.testng.reporters.JUnitReportReporter -->
<testsuite skipped="0" hostname="LAPTOP-2VO4KHAA" name="project_package.Common_base" tests="1" failures="0" timestamp="27 May 2018 08:55:44 GMT" time="24.370" errors="0">
  <testcase name="ApplicationFlow" time="24.370" classname="project_package.Common_base"/>
</testsuite> <!-- project_package.Common_base -->
