<?xml version="1.0" encoding="UTF-8"?>
<!-- Generated by org.testng.reporters.JUnitReportReporter -->
<testsuite skipped="0" hostname="LAPTOP-2VO4KHAA" name="project_package.Common_Base_Functionality" tests="2" failures="0" timestamp="27 May 2018 12:07:26 GMT" time="65.239" errors="0">
  <testcase name="Assert_Fieldvalidation" time="34.820" classname="project_package.Common_Base_Functionality"/>
  <testcase name="ApplicationFlow" time="30.419" classname="project_package.Common_Base_Functionality"/>
</testsuite> <!-- project_package.Common_Base_Functionality -->
